                              1 ;--------------------------------------------------------
                              2 ; File Created by SDCC : FreeWare ANSI-C Compiler
                              3 ; Version 2.1.9Ga Sun Jan 16 17:31:24 2000
                              4 
                              5 ;--------------------------------------------------------
                              6 	.module _fs2long
                              7 ;--------------------------------------------------------
                              8 ; publics variables in this module
                              9 ;--------------------------------------------------------
                             10 	.globl ___fs2long
                             11 ;--------------------------------------------------------
                             12 ; special function registers
                             13 ;--------------------------------------------------------
                             14 ;--------------------------------------------------------
                             15 ; special function bits 
                             16 ;--------------------------------------------------------
                             17 ;--------------------------------------------------------
                             18 ; internal ram data
                             19 ;--------------------------------------------------------
                             20 	.area	DSEG    (DATA)
   0000                      21 ___fs2long_sloc0_1_0:
   0000                      22 	.ds	0x0004
   0004                      23 ___fs2long_sloc1_1_0:
   0004                      24 	.ds	0x0004
                             25 ;--------------------------------------------------------
                             26 ; overlayable items in internal ram 
                             27 ;--------------------------------------------------------
                             28 	.area	OSEG	(OVR,DATA)
                             29 ;--------------------------------------------------------
                             30 ; indirectly addressable internal ram data
                             31 ;--------------------------------------------------------
                             32 	.area	ISEG    (DATA)
                             33 ;--------------------------------------------------------
                             34 ; bit data
                             35 ;--------------------------------------------------------
                             36 	.area	BSEG    (BIT)
                             37 ;--------------------------------------------------------
                             38 ; external ram data
                             39 ;--------------------------------------------------------
                             40 	.area	XSEG    (XDATA)
   0000                      41 ___fs2long_a1_1_1:
   0000                      42 	.ds	0x0004
   0004                      43 ___fs2long_fl1_1_1:
   0004                      44 	.ds	0x0004
   0008                      45 ___fs2long_exp_1_1:
   0008                      46 	.ds	0x0002
   000A                      47 ___fs2long_l_1_1:
   000A                      48 	.ds	0x0004
                             49 ;--------------------------------------------------------
                             50 ; global & static initialisations
                             51 ;--------------------------------------------------------
                             52 	.area GSINIT (CODE)
                             53 ;--------------------------------------------------------
                             54 ; code
                             55 ;--------------------------------------------------------
                             56 	.area CSEG (CODE)
                    0000     57 	G$__fs2long$0$0 ==.
                             58 ;	_fs2long.c 73
                             59 ;	-----------------------------------------
                             60 ;	 function __fs2long
                             61 ;	-----------------------------------------
   0000                      62 ___fs2long:
                    0002     63 	ar2 = 0x02
                    0003     64 	ar3 = 0x03
                    0004     65 	ar4 = 0x04
                    0005     66 	ar5 = 0x05
                    0006     67 	ar6 = 0x06
                    0007     68 	ar7 = 0x07
                    0000     69 	ar0 = 0x00
                    0001     70 	ar1 = 0x01
                             71 ;	_fs2long.c 0
   0000 C0 E0                72 	push	acc
   0002 C0 F0                73 	push	b
   0004 C0 83                74 	push	dph
   0006 C0 82                75 	push	dpl
   0008 90s00r00             76 	mov	dptr,#___fs2long_a1_1_1
   000B D0 E0                77 	pop	acc
   000D F0                   78 	movx	@dptr,a
   000E D0 E0                79 	pop	acc
   0010 A3                   80 	inc	dptr
   0011 F0                   81 	movx	@dptr,a
   0012 D0 E0                82 	pop	acc
   0014 A3                   83 	inc	dptr
   0015 F0                   84 	movx	@dptr,a
   0016 D0 E0                85 	pop	acc
   0018 A3                   86 	inc	dptr
   0019 F0                   87 	movx	@dptr,a
                             88 ;	_fs2long.c 79
   001A 90s00r00             89 	mov	dptr,#___fs2long_a1_1_1
   001D E0                   90 	movx	a,@dptr
   001E FA                   91 	mov	r2,a
   001F A3                   92 	inc	dptr
   0020 E0                   93 	movx	a,@dptr
   0021 FB                   94 	mov	r3,a
   0022 A3                   95 	inc	dptr
   0023 E0                   96 	movx	a,@dptr
   0024 FC                   97 	mov	r4,a
   0025 A3                   98 	inc	dptr
   0026 E0                   99 	movx	a,@dptr
   0027 FD                  100 	mov	r5,a
   0028 90s00r04            101 	mov	dptr,#(___fs2long_fl1_1_1)
   002B EA                  102 	mov	a,r2
   002C F0                  103 	movx	@dptr,a
   002D A3                  104 	inc	dptr
   002E EB                  105 	mov	a,r3
   002F F0                  106 	movx	@dptr,a
   0030 A3                  107 	inc	dptr
   0031 EC                  108 	mov	a,r4
   0032 F0                  109 	movx	@dptr,a
   0033 A3                  110 	inc	dptr
   0034 ED                  111 	mov	a,r5
   0035 F0                  112 	movx	@dptr,a
                            113 ;	_fs2long.c 81
   0036 90s00r04            114 	mov	dptr,#(___fs2long_fl1_1_1)
   0039 E0                  115 	movx	a,@dptr
   003A FA                  116 	mov	r2,a
   003B A3                  117 	inc	dptr
   003C E0                  118 	movx	a,@dptr
   003D FB                  119 	mov	r3,a
   003E A3                  120 	inc	dptr
   003F E0                  121 	movx	a,@dptr
   0040 FC                  122 	mov	r4,a
   0041 A3                  123 	inc	dptr
   0042 E0                  124 	movx	a,@dptr
   0043 FD                  125 	mov	r5,a
   0044 EA                  126 	mov	a,r2
   0045 4B                  127 	orl	a,r3
   0046 4C                  128 	orl	a,r4
   0047 4D                  129 	orl	a,r5
                            130 ; Peephole 109   removed ljmp by inverse jump logic
   0048 70 0A               131 	jnz  00102$
   004A                     132 00120$:
                            133 ;	_fs2long.c 82
                            134 ; Peephole 3.a   changed mov to clr
                            135 ; Peephole 3.b   changed mov to clr
                            136 ; Peephole 3.b   changed mov to clr
   004A E4                  137 	clr  a
   004B F5 82               138 	mov  dpl,a
   004D F5 83               139 	mov  dph,a
   004F F5 F0               140 	mov  b,a
   0051 02s01rFE            141 	ljmp	00110$
   0054                     142 00102$:
                            143 ;	_fs2long.c 84
   0054 90s00r04            144 	mov	dptr,#(___fs2long_fl1_1_1)
   0057 E0                  145 	movx	a,@dptr
   0058 FA                  146 	mov	r2,a
   0059 A3                  147 	inc	dptr
   005A E0                  148 	movx	a,@dptr
   005B FB                  149 	mov	r3,a
   005C A3                  150 	inc	dptr
   005D E0                  151 	movx	a,@dptr
   005E FC                  152 	mov	r4,a
   005F A3                  153 	inc	dptr
   0060 E0                  154 	movx	a,@dptr
   0061 FD                  155 	mov	r5,a
   0062 8C 02               156 	mov	ar2,r4
   0064 ED                  157 	mov	a,r5
   0065 A2 E7               158 	mov	c,acc.7
   0067 CA                  159 	xch	a,r2
   0068 33                  160 	rlc	a
   0069 CA                  161 	xch	a,r2
   006A 33                  162 	rlc	a
   006B CA                  163 	xch	a,r2
   006C 54 01               164 	anl	a,#0x01
   006E 30 E0 02            165 	jnb	acc.0,00121$
   0071 44 FE               166 	orl	a,#0xfe
   0073                     167 00121$:
   0073 FB                  168 	mov	r3,a
   0074 33                  169 	rlc	a
   0075 95 E0               170 	subb	a,acc
   0077 FC                  171 	mov	r4,a
   0078 FD                  172 	mov	r5,a
   0079 EA                  173 	mov	a,r2
   007A 75 F0 00            174 	mov	b,#0x00
   007D 24 6A               175 	add	a,#0x6a
   007F FA                  176 	mov	r2,a
   0080 E5 F0               177 	mov	a,b
   0082 34 FF               178 	addc	a,#0xff
   0084 FB                  179 	mov	r3,a
   0085 90s00r08            180 	mov	dptr,#___fs2long_exp_1_1
   0088 EA                  181 	mov	a,r2
   0089 F0                  182 	movx	@dptr,a
   008A A3                  183 	inc	dptr
   008B EB                  184 	mov	a,r3
   008C F0                  185 	movx	@dptr,a
                            186 ;	_fs2long.c 85
   008D 90s00r04            187 	mov	dptr,#(___fs2long_fl1_1_1)
   0090 E0                  188 	movx	a,@dptr
   0091 FA                  189 	mov	r2,a
   0092 A3                  190 	inc	dptr
   0093 E0                  191 	movx	a,@dptr
   0094 FB                  192 	mov	r3,a
   0095 A3                  193 	inc	dptr
   0096 E0                  194 	movx	a,@dptr
   0097 FE                  195 	mov	r6,a
   0098 A3                  196 	inc	dptr
   0099 E0                  197 	movx	a,@dptr
   009A FF                  198 	mov	r7,a
   009B 53 06 7F            199 	anl	ar6,#0x7f
   009E 7F 00               200 	mov	r7,#0x00
   00A0 90s00r0A            201 	mov	dptr,#___fs2long_l_1_1
   00A3 EA                  202 	mov	a,r2
   00A4 F0                  203 	movx	@dptr,a
   00A5 A3                  204 	inc	dptr
   00A6 EB                  205 	mov	a,r3
   00A7 F0                  206 	movx	@dptr,a
   00A8 74 80               207 	mov	a,#0x80
   00AA 4E                  208 	orl	a,r6
   00AB A3                  209 	inc	dptr
   00AC F0                  210 	movx	@dptr,a
   00AD A3                  211 	inc	dptr
   00AE EF                  212 	mov	a,r7
   00AF F0                  213 	movx	@dptr,a
                            214 ;	_fs2long.c 87
   00B0 90s00r08            215 	mov	dptr,#___fs2long_exp_1_1
   00B3 E0                  216 	movx	a,@dptr
   00B4 FA                  217 	mov	r2,a
   00B5 A3                  218 	inc	dptr
   00B6 E0                  219 	movx	a,@dptr
   00B7 FB                  220 	mov	r3,a
   00B8 C3                  221 	clr	c
                            222 ; Peephole 180   changed mov to clr
   00B9 E4                  223 	clr  a
   00BA 9A                  224 	subb	a,r2
                            225 ; Peephole 159   avoided xrl during execution
   00BB 74 80               226 	mov  a,#(0x00 ^ 0x80)
   00BD 8B F0               227 	mov	b,r3
   00BF 63 F0 80            228 	xrl	b,#0x80
   00C2 95 F0               229 	subb	a,b
                            230 ; Peephole 108   removed ljmp by inverse jump logic
   00C4 50 2D               231 	jnc  00104$
   00C6                     232 00122$:
                            233 ;	_fs2long.c 88
   00C6 90s00r04            234 	mov	dptr,#(___fs2long_fl1_1_1)
   00C9 E0                  235 	movx	a,@dptr
   00CA FA                  236 	mov	r2,a
   00CB A3                  237 	inc	dptr
   00CC E0                  238 	movx	a,@dptr
   00CD FB                  239 	mov	r3,a
   00CE A3                  240 	inc	dptr
   00CF E0                  241 	movx	a,@dptr
   00D0 FE                  242 	mov	r6,a
   00D1 A3                  243 	inc	dptr
   00D2 E0                  244 	movx	a,@dptr
                            245 ; Peephole 105   removed redundant mov
   00D3 FF                  246 	mov  r7,a
   00D4 23                  247 	rl	a
   00D5 54 01               248 	anl	a,#0x01
   00D7 FA                  249 	mov	r2,a
   00D8 43 02 7F            250 	orl	ar2,#0x7f
   00DB 8A*00               251 	mov	___fs2long_sloc0_1_0,r2
   00DD EA                  252 	mov	a,r2
   00DE 33                  253 	rlc	a
   00DF 95 E0               254 	subb	a,acc
   00E1 F5*01               255 	mov	(___fs2long_sloc0_1_0 + 1),a
   00E3 F5*02               256 	mov	(___fs2long_sloc0_1_0 + 2),a
                            257 ; Peephole 191   removed redundant mov
   00E5 F5*03               258 	mov  (___fs2long_sloc0_1_0 + 3),a
   00E7 85*00 82            259 	mov  dpl,___fs2long_sloc0_1_0
   00EA 85*01 83            260 	mov  dph,(___fs2long_sloc0_1_0 + 1)
   00ED 85*02 F0            261 	mov  b,(___fs2long_sloc0_1_0 + 2)
   00F0 02s01rFE            262 	ljmp	00110$
   00F3                     263 00104$:
                            264 ;	_fs2long.c 91
   00F3 90s00r08            265 	mov	dptr,#___fs2long_exp_1_1
   00F6 E0                  266 	movx	a,@dptr
   00F7 FA                  267 	mov	r2,a
   00F8 A3                  268 	inc	dptr
   00F9 E0                  269 	movx	a,@dptr
                            270 ; Peephole 105   removed redundant mov
   00FA F8                  271 	mov  r0,a
   00FB 20 E7 03            272 	jb	acc.7,00123$
   00FE 02s01r96            273 	ljmp	00106$
   0101                     274 00123$:
   0101 90s00r08            275 	mov	dptr,#___fs2long_exp_1_1
   0104 E0                  276 	movx	a,@dptr
   0105 FA                  277 	mov	r2,a
   0106 A3                  278 	inc	dptr
   0107 E0                  279 	movx	a,@dptr
   0108 F8                  280 	mov	r0,a
   0109 C3                  281 	clr	c
   010A 74 E7               282 	mov	a,#0xe7
   010C 9A                  283 	subb	a,r2
                            284 ; Peephole 159   avoided xrl during execution
   010D 74 7F               285 	mov  a,#(0xff ^ 0x80)
   010F 88 F0               286 	mov	b,r0
   0111 63 F0 80            287 	xrl	b,#0x80
   0114 95 F0               288 	subb	a,b
   0116 40 03               289 	jc	00124$
   0118 02s01r96            290 	ljmp	00106$
   011B                     291 00124$:
   011B 90s00r0A            292 	mov	dptr,#___fs2long_l_1_1
   011E E0                  293 	movx	a,@dptr
   011F F5*00               294 	mov	___fs2long_sloc0_1_0,a
   0121 A3                  295 	inc	dptr
   0122 E0                  296 	movx	a,@dptr
   0123 F5*01               297 	mov	(___fs2long_sloc0_1_0 + 1),a
   0125 A3                  298 	inc	dptr
   0126 E0                  299 	movx	a,@dptr
   0127 F5*02               300 	mov	(___fs2long_sloc0_1_0 + 2),a
   0129 A3                  301 	inc	dptr
   012A E0                  302 	movx	a,@dptr
   012B F5*03               303 	mov	(___fs2long_sloc0_1_0 + 3),a
   012D E5*00               304 	mov	a,___fs2long_sloc0_1_0
   012F 45*01               305 	orl	a,(___fs2long_sloc0_1_0 + 1)
   0131 45*02               306 	orl	a,(___fs2long_sloc0_1_0 + 2)
   0133 45*03               307 	orl	a,(___fs2long_sloc0_1_0 + 3)
   0135 70 03               308 	jnz	00125$
   0137 02s01r96            309 	ljmp	00106$
   013A                     310 00125$:
                            311 ;	_fs2long.c 92
   013A 90s00r08            312 	mov	dptr,#___fs2long_exp_1_1
   013D E0                  313 	movx	a,@dptr
   013E FA                  314 	mov	r2,a
   013F A3                  315 	inc	dptr
   0140 E0                  316 	movx	a,@dptr
   0141 F8                  317 	mov	r0,a
   0142 C3                  318 	clr	c
   0143 E4                  319 	clr	a
   0144 9A                  320 	subb	a,r2
   0145 F5*00               321 	mov	___fs2long_sloc0_1_0,a
   0147 E4                  322 	clr	a
   0148 98                  323 	subb	a,r0
   0149 F5*01               324 	mov	(___fs2long_sloc0_1_0 + 1),a
   014B 90s00r0A            325 	mov	dptr,#___fs2long_l_1_1
   014E E0                  326 	movx	a,@dptr
   014F F5*04               327 	mov	___fs2long_sloc1_1_0,a
   0151 A3                  328 	inc	dptr
   0152 E0                  329 	movx	a,@dptr
   0153 F5*05               330 	mov	(___fs2long_sloc1_1_0 + 1),a
   0155 A3                  331 	inc	dptr
   0156 E0                  332 	movx	a,@dptr
   0157 F5*06               333 	mov	(___fs2long_sloc1_1_0 + 2),a
   0159 A3                  334 	inc	dptr
   015A E0                  335 	movx	a,@dptr
   015B F5*07               336 	mov	(___fs2long_sloc1_1_0 + 3),a
   015D 85*00 F0            337 	mov	b,___fs2long_sloc0_1_0
   0160 05 F0               338 	inc	b
   0162 E5*07               339 	mov	a,(___fs2long_sloc1_1_0 + 3)
   0164 33                  340 	rlc	a
   0165 92 D2               341 	mov	ov,c
   0167 80 16               342 	sjmp	00127$
   0169                     343 00126$:
   0169 A2 D2               344 	mov	c,ov
   016B E5*07               345 	mov	a,(___fs2long_sloc1_1_0 + 3)
   016D 13                  346 	rrc	a
   016E F5*07               347 	mov	(___fs2long_sloc1_1_0 + 3),a
   0170 E5*06               348 	mov	a,(___fs2long_sloc1_1_0 + 2)
   0172 13                  349 	rrc	a
   0173 F5*06               350 	mov	(___fs2long_sloc1_1_0 + 2),a
   0175 E5*05               351 	mov	a,(___fs2long_sloc1_1_0 + 1)
   0177 13                  352 	rrc	a
   0178 F5*05               353 	mov	(___fs2long_sloc1_1_0 + 1),a
   017A E5*04               354 	mov	a,___fs2long_sloc1_1_0
   017C 13                  355 	rrc	a
   017D F5*04               356 	mov	___fs2long_sloc1_1_0,a
   017F                     357 00127$:
   017F D5 F0 E7            358 	djnz	b,00126$
   0182 90s00r0A            359 	mov	dptr,#___fs2long_l_1_1
   0185 E5*04               360 	mov	a,___fs2long_sloc1_1_0
   0187 F0                  361 	movx	@dptr,a
   0188 A3                  362 	inc	dptr
   0189 E5*05               363 	mov	a,(___fs2long_sloc1_1_0 + 1)
   018B F0                  364 	movx	@dptr,a
   018C A3                  365 	inc	dptr
   018D E5*06               366 	mov	a,(___fs2long_sloc1_1_0 + 2)
   018F F0                  367 	movx	@dptr,a
   0190 A3                  368 	inc	dptr
   0191 E5*07               369 	mov	a,(___fs2long_sloc1_1_0 + 3)
   0193 F0                  370 	movx	@dptr,a
                            371 ; Peephole 132   changed ljmp to sjmp
   0194 80 0A               372 	sjmp 00107$
   0196                     373 00106$:
                            374 ;	_fs2long.c 94
                            375 ; Peephole 3.a   changed mov to clr
                            376 ; Peephole 3.b   changed mov to clr
                            377 ; Peephole 3.b   changed mov to clr
   0196 E4                  378 	clr  a
   0197 F5 82               379 	mov  dpl,a
   0199 F5 83               380 	mov  dph,a
   019B F5 F0               381 	mov  b,a
   019D 02s01rFE            382 	ljmp	00110$
   01A0                     383 00107$:
                            384 ;	_fs2long.c 96
   01A0 90s00r04            385 	mov	dptr,#(___fs2long_fl1_1_1)
   01A3 E0                  386 	movx	a,@dptr
   01A4 F5*04               387 	mov	___fs2long_sloc1_1_0,a
   01A6 A3                  388 	inc	dptr
   01A7 E0                  389 	movx	a,@dptr
   01A8 F5*05               390 	mov	(___fs2long_sloc1_1_0 + 1),a
   01AA A3                  391 	inc	dptr
   01AB E0                  392 	movx	a,@dptr
   01AC F5*06               393 	mov	(___fs2long_sloc1_1_0 + 2),a
   01AE A3                  394 	inc	dptr
   01AF E0                  395 	movx	a,@dptr
                            396 ; Peephole 105   removed redundant mov
   01B0 F5*07               397 	mov  (___fs2long_sloc1_1_0 + 3),a
   01B2 23                  398 	rl	a
   01B3 54 01               399 	anl	a,#0x01
                            400 ; Peephole 105   removed redundant mov
   01B5 FA                  401 	mov  r2,a
                            402 ; Peephole 110   removed ljmp by inverse jump logic
   01B6 60 29               403 	jz  00112$
   01B8                     404 00128$:
   01B8 90s00r0A            405 	mov	dptr,#___fs2long_l_1_1
   01BB E0                  406 	movx	a,@dptr
   01BC F5*04               407 	mov	___fs2long_sloc1_1_0,a
   01BE A3                  408 	inc	dptr
   01BF E0                  409 	movx	a,@dptr
   01C0 F5*05               410 	mov	(___fs2long_sloc1_1_0 + 1),a
   01C2 A3                  411 	inc	dptr
   01C3 E0                  412 	movx	a,@dptr
   01C4 F5*06               413 	mov	(___fs2long_sloc1_1_0 + 2),a
   01C6 A3                  414 	inc	dptr
   01C7 E0                  415 	movx	a,@dptr
   01C8 F5*07               416 	mov	(___fs2long_sloc1_1_0 + 3),a
   01CA C3                  417 	clr	c
   01CB E4                  418 	clr	a
   01CC 95*04               419 	subb	a,___fs2long_sloc1_1_0
   01CE F5*04               420 	mov	___fs2long_sloc1_1_0,a
   01D0 E4                  421 	clr	a
   01D1 95*05               422 	subb	a,(___fs2long_sloc1_1_0 + 1)
   01D3 F5*05               423 	mov	(___fs2long_sloc1_1_0 + 1),a
   01D5 E4                  424 	clr	a
   01D6 95*06               425 	subb	a,(___fs2long_sloc1_1_0 + 2)
   01D8 F5*06               426 	mov	(___fs2long_sloc1_1_0 + 2),a
   01DA E4                  427 	clr	a
   01DB 95*07               428 	subb	a,(___fs2long_sloc1_1_0 + 3)
   01DD F5*07               429 	mov	(___fs2long_sloc1_1_0 + 3),a
                            430 ; Peephole 132   changed ljmp to sjmp
   01DF 80 12               431 	sjmp 00113$
   01E1                     432 00112$:
   01E1 90s00r0A            433 	mov	dptr,#___fs2long_l_1_1
   01E4 E0                  434 	movx	a,@dptr
   01E5 F5*04               435 	mov	___fs2long_sloc1_1_0,a
   01E7 A3                  436 	inc	dptr
   01E8 E0                  437 	movx	a,@dptr
   01E9 F5*05               438 	mov	(___fs2long_sloc1_1_0 + 1),a
   01EB A3                  439 	inc	dptr
   01EC E0                  440 	movx	a,@dptr
   01ED F5*06               441 	mov	(___fs2long_sloc1_1_0 + 2),a
   01EF A3                  442 	inc	dptr
   01F0 E0                  443 	movx	a,@dptr
   01F1 F5*07               444 	mov	(___fs2long_sloc1_1_0 + 3),a
   01F3                     445 00113$:
   01F3 85*04 82            446 	mov	dpl,___fs2long_sloc1_1_0
   01F6 85*05 83            447 	mov	dph,(___fs2long_sloc1_1_0 + 1)
   01F9 85*06 F0            448 	mov	b,(___fs2long_sloc1_1_0 + 2)
   01FC E5*07               449 	mov	a,(___fs2long_sloc1_1_0 + 3)
   01FE                     450 00110$:
                    01FE    451 	C$_fs2long.c$97$1$1 ==.
                    01FE    452 	XG$__fs2long$0$0 ==.
   01FE 22                  453 	ret
                            454 	.area	CSEG    (CODE)
