                              1 ;--------------------------------------------------------
                              2 ; File Created by SDCC : FreeWare ANSI-C Compiler
                              3 ; Version 2.1.9Ga Sun Jan 16 17:31:24 2000
                              4 
                              5 ;--------------------------------------------------------
                              6 	.module _fs2ulong
                              7 ;--------------------------------------------------------
                              8 ; publics variables in this module
                              9 ;--------------------------------------------------------
                             10 	.globl ___fs2ulong
                             11 ;--------------------------------------------------------
                             12 ; special function registers
                             13 ;--------------------------------------------------------
                             14 ;--------------------------------------------------------
                             15 ; special function bits 
                             16 ;--------------------------------------------------------
                             17 ;--------------------------------------------------------
                             18 ; internal ram data
                             19 ;--------------------------------------------------------
                             20 	.area	DSEG    (DATA)
   0000                      21 ___fs2ulong_sloc0_1_0:
   0000                      22 	.ds	0x0004
   0004                      23 ___fs2ulong_sloc1_1_0:
   0004                      24 	.ds	0x0004
                             25 ;--------------------------------------------------------
                             26 ; overlayable items in internal ram 
                             27 ;--------------------------------------------------------
                             28 	.area	OSEG	(OVR,DATA)
                             29 ;--------------------------------------------------------
                             30 ; indirectly addressable internal ram data
                             31 ;--------------------------------------------------------
                             32 	.area	ISEG    (DATA)
                             33 ;--------------------------------------------------------
                             34 ; bit data
                             35 ;--------------------------------------------------------
                             36 	.area	BSEG    (BIT)
                             37 ;--------------------------------------------------------
                             38 ; external ram data
                             39 ;--------------------------------------------------------
                             40 	.area	XSEG    (XDATA)
   0000                      41 ___fs2ulong_a1_1_1:
   0000                      42 	.ds	0x0004
   0004                      43 ___fs2ulong_fl1_1_1:
   0004                      44 	.ds	0x0004
   0008                      45 ___fs2ulong_exp_1_1:
   0008                      46 	.ds	0x0002
   000A                      47 ___fs2ulong_l_1_1:
   000A                      48 	.ds	0x0004
                             49 ;--------------------------------------------------------
                             50 ; global & static initialisations
                             51 ;--------------------------------------------------------
                             52 	.area GSINIT (CODE)
                             53 ;--------------------------------------------------------
                             54 ; code
                             55 ;--------------------------------------------------------
                             56 	.area CSEG (CODE)
                    0000     57 	G$__fs2ulong$0$0 ==.
                             58 ;	_fs2ulong.c 73
                             59 ;	-----------------------------------------
                             60 ;	 function __fs2ulong
                             61 ;	-----------------------------------------
   0000                      62 ___fs2ulong:
                    0002     63 	ar2 = 0x02
                    0003     64 	ar3 = 0x03
                    0004     65 	ar4 = 0x04
                    0005     66 	ar5 = 0x05
                    0006     67 	ar6 = 0x06
                    0007     68 	ar7 = 0x07
                    0000     69 	ar0 = 0x00
                    0001     70 	ar1 = 0x01
                             71 ;	_fs2ulong.c 0
   0000 C0 E0                72 	push	acc
   0002 C0 F0                73 	push	b
   0004 C0 83                74 	push	dph
   0006 C0 82                75 	push	dpl
   0008 90s00r00             76 	mov	dptr,#___fs2ulong_a1_1_1
   000B D0 E0                77 	pop	acc
   000D F0                   78 	movx	@dptr,a
   000E D0 E0                79 	pop	acc
   0010 A3                   80 	inc	dptr
   0011 F0                   81 	movx	@dptr,a
   0012 D0 E0                82 	pop	acc
   0014 A3                   83 	inc	dptr
   0015 F0                   84 	movx	@dptr,a
   0016 D0 E0                85 	pop	acc
   0018 A3                   86 	inc	dptr
   0019 F0                   87 	movx	@dptr,a
                             88 ;	_fs2ulong.c 79
   001A 90s00r00             89 	mov	dptr,#___fs2ulong_a1_1_1
   001D E0                   90 	movx	a,@dptr
   001E FA                   91 	mov	r2,a
   001F A3                   92 	inc	dptr
   0020 E0                   93 	movx	a,@dptr
   0021 FB                   94 	mov	r3,a
   0022 A3                   95 	inc	dptr
   0023 E0                   96 	movx	a,@dptr
   0024 FC                   97 	mov	r4,a
   0025 A3                   98 	inc	dptr
   0026 E0                   99 	movx	a,@dptr
   0027 FD                  100 	mov	r5,a
   0028 90s00r04            101 	mov	dptr,#(___fs2ulong_fl1_1_1)
   002B EA                  102 	mov	a,r2
   002C F0                  103 	movx	@dptr,a
   002D A3                  104 	inc	dptr
   002E EB                  105 	mov	a,r3
   002F F0                  106 	movx	@dptr,a
   0030 A3                  107 	inc	dptr
   0031 EC                  108 	mov	a,r4
   0032 F0                  109 	movx	@dptr,a
   0033 A3                  110 	inc	dptr
   0034 ED                  111 	mov	a,r5
   0035 F0                  112 	movx	@dptr,a
                            113 ;	_fs2ulong.c 81
   0036 90s00r04            114 	mov	dptr,#(___fs2ulong_fl1_1_1)
   0039 E0                  115 	movx	a,@dptr
   003A FA                  116 	mov	r2,a
   003B A3                  117 	inc	dptr
   003C E0                  118 	movx	a,@dptr
   003D FB                  119 	mov	r3,a
   003E A3                  120 	inc	dptr
   003F E0                  121 	movx	a,@dptr
   0040 FC                  122 	mov	r4,a
   0041 A3                  123 	inc	dptr
   0042 E0                  124 	movx	a,@dptr
   0043 FD                  125 	mov	r5,a
   0044 EA                  126 	mov	a,r2
   0045 4B                  127 	orl	a,r3
   0046 4C                  128 	orl	a,r4
   0047 4D                  129 	orl	a,r5
                            130 ; Peephole 109   removed ljmp by inverse jump logic
   0048 70 0A               131 	jnz  00102$
   004A                     132 00120$:
                            133 ;	_fs2ulong.c 82
                            134 ; Peephole 3.a   changed mov to clr
                            135 ; Peephole 3.b   changed mov to clr
                            136 ; Peephole 3.b   changed mov to clr
   004A E4                  137 	clr  a
   004B F5 82               138 	mov  dpl,a
   004D F5 83               139 	mov  dph,a
   004F F5 F0               140 	mov  b,a
   0051 02s01rFF            141 	ljmp	00110$
   0054                     142 00102$:
                            143 ;	_fs2ulong.c 84
   0054 90s00r04            144 	mov	dptr,#(___fs2ulong_fl1_1_1)
   0057 E0                  145 	movx	a,@dptr
   0058 FA                  146 	mov	r2,a
   0059 A3                  147 	inc	dptr
   005A E0                  148 	movx	a,@dptr
   005B FB                  149 	mov	r3,a
   005C A3                  150 	inc	dptr
   005D E0                  151 	movx	a,@dptr
   005E FC                  152 	mov	r4,a
   005F A3                  153 	inc	dptr
   0060 E0                  154 	movx	a,@dptr
   0061 FD                  155 	mov	r5,a
   0062 8C 02               156 	mov	ar2,r4
   0064 ED                  157 	mov	a,r5
   0065 A2 E7               158 	mov	c,acc.7
   0067 CA                  159 	xch	a,r2
   0068 33                  160 	rlc	a
   0069 CA                  161 	xch	a,r2
   006A 33                  162 	rlc	a
   006B CA                  163 	xch	a,r2
   006C 54 01               164 	anl	a,#0x01
   006E 30 E0 02            165 	jnb	acc.0,00121$
   0071 44 FE               166 	orl	a,#0xfe
   0073                     167 00121$:
   0073 FB                  168 	mov	r3,a
   0074 33                  169 	rlc	a
   0075 95 E0               170 	subb	a,acc
   0077 FC                  171 	mov	r4,a
   0078 FD                  172 	mov	r5,a
   0079 EA                  173 	mov	a,r2
   007A 75 F0 00            174 	mov	b,#0x00
   007D 24 6A               175 	add	a,#0x6a
   007F FA                  176 	mov	r2,a
   0080 E5 F0               177 	mov	a,b
   0082 34 FF               178 	addc	a,#0xff
   0084 FB                  179 	mov	r3,a
   0085 90s00r08            180 	mov	dptr,#___fs2ulong_exp_1_1
   0088 EA                  181 	mov	a,r2
   0089 F0                  182 	movx	@dptr,a
   008A A3                  183 	inc	dptr
   008B EB                  184 	mov	a,r3
   008C F0                  185 	movx	@dptr,a
                            186 ;	_fs2ulong.c 85
   008D 90s00r04            187 	mov	dptr,#(___fs2ulong_fl1_1_1)
   0090 E0                  188 	movx	a,@dptr
   0091 FA                  189 	mov	r2,a
   0092 A3                  190 	inc	dptr
   0093 E0                  191 	movx	a,@dptr
   0094 FB                  192 	mov	r3,a
   0095 A3                  193 	inc	dptr
   0096 E0                  194 	movx	a,@dptr
   0097 FE                  195 	mov	r6,a
   0098 A3                  196 	inc	dptr
   0099 E0                  197 	movx	a,@dptr
   009A FF                  198 	mov	r7,a
   009B 53 06 7F            199 	anl	ar6,#0x7f
   009E 7F 00               200 	mov	r7,#0x00
   00A0 90s00r0A            201 	mov	dptr,#___fs2ulong_l_1_1
   00A3 EA                  202 	mov	a,r2
   00A4 F0                  203 	movx	@dptr,a
   00A5 A3                  204 	inc	dptr
   00A6 EB                  205 	mov	a,r3
   00A7 F0                  206 	movx	@dptr,a
   00A8 74 80               207 	mov	a,#0x80
   00AA 4E                  208 	orl	a,r6
   00AB A3                  209 	inc	dptr
   00AC F0                  210 	movx	@dptr,a
   00AD A3                  211 	inc	dptr
   00AE EF                  212 	mov	a,r7
   00AF F0                  213 	movx	@dptr,a
                            214 ;	_fs2ulong.c 87
   00B0 90s00r08            215 	mov	dptr,#___fs2ulong_exp_1_1
   00B3 E0                  216 	movx	a,@dptr
   00B4 FA                  217 	mov	r2,a
   00B5 A3                  218 	inc	dptr
   00B6 E0                  219 	movx	a,@dptr
   00B7 FB                  220 	mov	r3,a
   00B8 C3                  221 	clr	c
                            222 ; Peephole 180   changed mov to clr
   00B9 E4                  223 	clr  a
   00BA 9A                  224 	subb	a,r2
                            225 ; Peephole 159   avoided xrl during execution
   00BB 74 80               226 	mov  a,#(0x00 ^ 0x80)
   00BD 8B F0               227 	mov	b,r3
   00BF 63 F0 80            228 	xrl	b,#0x80
   00C2 95 F0               229 	subb	a,b
                            230 ; Peephole 108   removed ljmp by inverse jump logic
   00C4 50 2E               231 	jnc  00104$
   00C6                     232 00122$:
                            233 ;	_fs2ulong.c 88
   00C6 90s00r04            234 	mov	dptr,#(___fs2ulong_fl1_1_1)
   00C9 E0                  235 	movx	a,@dptr
   00CA FA                  236 	mov	r2,a
   00CB A3                  237 	inc	dptr
   00CC E0                  238 	movx	a,@dptr
   00CD FB                  239 	mov	r3,a
   00CE A3                  240 	inc	dptr
   00CF E0                  241 	movx	a,@dptr
   00D0 FE                  242 	mov	r6,a
   00D1 A3                  243 	inc	dptr
   00D2 E0                  244 	movx	a,@dptr
                            245 ; Peephole 105   removed redundant mov
   00D3 FF                  246 	mov  r7,a
   00D4 23                  247 	rl	a
   00D5 54 01               248 	anl	a,#0x01
   00D7 FA                  249 	mov	r2,a
   00D8 43 02 7F            250 	orl	ar2,#0x7f
   00DB 8A*00               251 	mov	___fs2ulong_sloc0_1_0,r2
   00DD 75*01 00            252 	mov	(___fs2ulong_sloc0_1_0 + 1),#0x00
   00E0 75*02 00            253 	mov	(___fs2ulong_sloc0_1_0 + 2),#0x00
   00E3 75*03 00            254 	mov	(___fs2ulong_sloc0_1_0 + 3),#0x00
   00E6 85*00 82            255 	mov	dpl,___fs2ulong_sloc0_1_0
   00E9 85*01 83            256 	mov	dph,(___fs2ulong_sloc0_1_0 + 1)
   00EC 85*02 F0            257 	mov	b,(___fs2ulong_sloc0_1_0 + 2)
   00EF E5*03               258 	mov	a,(___fs2ulong_sloc0_1_0 + 3)
   00F1 02s01rFF            259 	ljmp	00110$
   00F4                     260 00104$:
                            261 ;	_fs2ulong.c 91
   00F4 90s00r08            262 	mov	dptr,#___fs2ulong_exp_1_1
   00F7 E0                  263 	movx	a,@dptr
   00F8 FA                  264 	mov	r2,a
   00F9 A3                  265 	inc	dptr
   00FA E0                  266 	movx	a,@dptr
                            267 ; Peephole 105   removed redundant mov
   00FB F8                  268 	mov  r0,a
   00FC 20 E7 03            269 	jb	acc.7,00123$
   00FF 02s01r97            270 	ljmp	00106$
   0102                     271 00123$:
   0102 90s00r08            272 	mov	dptr,#___fs2ulong_exp_1_1
   0105 E0                  273 	movx	a,@dptr
   0106 FA                  274 	mov	r2,a
   0107 A3                  275 	inc	dptr
   0108 E0                  276 	movx	a,@dptr
   0109 F8                  277 	mov	r0,a
   010A C3                  278 	clr	c
   010B 74 E7               279 	mov	a,#0xe7
   010D 9A                  280 	subb	a,r2
                            281 ; Peephole 159   avoided xrl during execution
   010E 74 7F               282 	mov  a,#(0xff ^ 0x80)
   0110 88 F0               283 	mov	b,r0
   0112 63 F0 80            284 	xrl	b,#0x80
   0115 95 F0               285 	subb	a,b
   0117 40 03               286 	jc	00124$
   0119 02s01r97            287 	ljmp	00106$
   011C                     288 00124$:
   011C 90s00r0A            289 	mov	dptr,#___fs2ulong_l_1_1
   011F E0                  290 	movx	a,@dptr
   0120 F5*00               291 	mov	___fs2ulong_sloc0_1_0,a
   0122 A3                  292 	inc	dptr
   0123 E0                  293 	movx	a,@dptr
   0124 F5*01               294 	mov	(___fs2ulong_sloc0_1_0 + 1),a
   0126 A3                  295 	inc	dptr
   0127 E0                  296 	movx	a,@dptr
   0128 F5*02               297 	mov	(___fs2ulong_sloc0_1_0 + 2),a
   012A A3                  298 	inc	dptr
   012B E0                  299 	movx	a,@dptr
   012C F5*03               300 	mov	(___fs2ulong_sloc0_1_0 + 3),a
   012E E5*00               301 	mov	a,___fs2ulong_sloc0_1_0
   0130 45*01               302 	orl	a,(___fs2ulong_sloc0_1_0 + 1)
   0132 45*02               303 	orl	a,(___fs2ulong_sloc0_1_0 + 2)
   0134 45*03               304 	orl	a,(___fs2ulong_sloc0_1_0 + 3)
   0136 70 03               305 	jnz	00125$
   0138 02s01r97            306 	ljmp	00106$
   013B                     307 00125$:
                            308 ;	_fs2ulong.c 92
   013B 90s00r08            309 	mov	dptr,#___fs2ulong_exp_1_1
   013E E0                  310 	movx	a,@dptr
   013F FA                  311 	mov	r2,a
   0140 A3                  312 	inc	dptr
   0141 E0                  313 	movx	a,@dptr
   0142 F8                  314 	mov	r0,a
   0143 C3                  315 	clr	c
   0144 E4                  316 	clr	a
   0145 9A                  317 	subb	a,r2
   0146 F5*00               318 	mov	___fs2ulong_sloc0_1_0,a
   0148 E4                  319 	clr	a
   0149 98                  320 	subb	a,r0
   014A F5*01               321 	mov	(___fs2ulong_sloc0_1_0 + 1),a
   014C 90s00r0A            322 	mov	dptr,#___fs2ulong_l_1_1
   014F E0                  323 	movx	a,@dptr
   0150 F5*04               324 	mov	___fs2ulong_sloc1_1_0,a
   0152 A3                  325 	inc	dptr
   0153 E0                  326 	movx	a,@dptr
   0154 F5*05               327 	mov	(___fs2ulong_sloc1_1_0 + 1),a
   0156 A3                  328 	inc	dptr
   0157 E0                  329 	movx	a,@dptr
   0158 F5*06               330 	mov	(___fs2ulong_sloc1_1_0 + 2),a
   015A A3                  331 	inc	dptr
   015B E0                  332 	movx	a,@dptr
   015C F5*07               333 	mov	(___fs2ulong_sloc1_1_0 + 3),a
   015E 85*00 F0            334 	mov	b,___fs2ulong_sloc0_1_0
   0161 05 F0               335 	inc	b
   0163 E5*07               336 	mov	a,(___fs2ulong_sloc1_1_0 + 3)
   0165 33                  337 	rlc	a
   0166 92 D2               338 	mov	ov,c
   0168 80 16               339 	sjmp	00127$
   016A                     340 00126$:
   016A A2 D2               341 	mov	c,ov
   016C E5*07               342 	mov	a,(___fs2ulong_sloc1_1_0 + 3)
   016E 13                  343 	rrc	a
   016F F5*07               344 	mov	(___fs2ulong_sloc1_1_0 + 3),a
   0171 E5*06               345 	mov	a,(___fs2ulong_sloc1_1_0 + 2)
   0173 13                  346 	rrc	a
   0174 F5*06               347 	mov	(___fs2ulong_sloc1_1_0 + 2),a
   0176 E5*05               348 	mov	a,(___fs2ulong_sloc1_1_0 + 1)
   0178 13                  349 	rrc	a
   0179 F5*05               350 	mov	(___fs2ulong_sloc1_1_0 + 1),a
   017B E5*04               351 	mov	a,___fs2ulong_sloc1_1_0
   017D 13                  352 	rrc	a
   017E F5*04               353 	mov	___fs2ulong_sloc1_1_0,a
   0180                     354 00127$:
   0180 D5 F0 E7            355 	djnz	b,00126$
   0183 90s00r0A            356 	mov	dptr,#___fs2ulong_l_1_1
   0186 E5*04               357 	mov	a,___fs2ulong_sloc1_1_0
   0188 F0                  358 	movx	@dptr,a
   0189 A3                  359 	inc	dptr
   018A E5*05               360 	mov	a,(___fs2ulong_sloc1_1_0 + 1)
   018C F0                  361 	movx	@dptr,a
   018D A3                  362 	inc	dptr
   018E E5*06               363 	mov	a,(___fs2ulong_sloc1_1_0 + 2)
   0190 F0                  364 	movx	@dptr,a
   0191 A3                  365 	inc	dptr
   0192 E5*07               366 	mov	a,(___fs2ulong_sloc1_1_0 + 3)
   0194 F0                  367 	movx	@dptr,a
                            368 ; Peephole 132   changed ljmp to sjmp
   0195 80 0A               369 	sjmp 00107$
   0197                     370 00106$:
                            371 ;	_fs2ulong.c 94
                            372 ; Peephole 3.a   changed mov to clr
                            373 ; Peephole 3.b   changed mov to clr
                            374 ; Peephole 3.b   changed mov to clr
   0197 E4                  375 	clr  a
   0198 F5 82               376 	mov  dpl,a
   019A F5 83               377 	mov  dph,a
   019C F5 F0               378 	mov  b,a
   019E 02s01rFF            379 	ljmp	00110$
   01A1                     380 00107$:
                            381 ;	_fs2ulong.c 96
   01A1 90s00r04            382 	mov	dptr,#(___fs2ulong_fl1_1_1)
   01A4 E0                  383 	movx	a,@dptr
   01A5 F5*04               384 	mov	___fs2ulong_sloc1_1_0,a
   01A7 A3                  385 	inc	dptr
   01A8 E0                  386 	movx	a,@dptr
   01A9 F5*05               387 	mov	(___fs2ulong_sloc1_1_0 + 1),a
   01AB A3                  388 	inc	dptr
   01AC E0                  389 	movx	a,@dptr
   01AD F5*06               390 	mov	(___fs2ulong_sloc1_1_0 + 2),a
   01AF A3                  391 	inc	dptr
   01B0 E0                  392 	movx	a,@dptr
                            393 ; Peephole 105   removed redundant mov
   01B1 F5*07               394 	mov  (___fs2ulong_sloc1_1_0 + 3),a
   01B3 23                  395 	rl	a
   01B4 54 01               396 	anl	a,#0x01
                            397 ; Peephole 105   removed redundant mov
   01B6 FA                  398 	mov  r2,a
                            399 ; Peephole 110   removed ljmp by inverse jump logic
   01B7 60 29               400 	jz  00112$
   01B9                     401 00128$:
   01B9 90s00r0A            402 	mov	dptr,#___fs2ulong_l_1_1
   01BC E0                  403 	movx	a,@dptr
   01BD F5*04               404 	mov	___fs2ulong_sloc1_1_0,a
   01BF A3                  405 	inc	dptr
   01C0 E0                  406 	movx	a,@dptr
   01C1 F5*05               407 	mov	(___fs2ulong_sloc1_1_0 + 1),a
   01C3 A3                  408 	inc	dptr
   01C4 E0                  409 	movx	a,@dptr
   01C5 F5*06               410 	mov	(___fs2ulong_sloc1_1_0 + 2),a
   01C7 A3                  411 	inc	dptr
   01C8 E0                  412 	movx	a,@dptr
   01C9 F5*07               413 	mov	(___fs2ulong_sloc1_1_0 + 3),a
   01CB C3                  414 	clr	c
   01CC E4                  415 	clr	a
   01CD 95*04               416 	subb	a,___fs2ulong_sloc1_1_0
   01CF F5*04               417 	mov	___fs2ulong_sloc1_1_0,a
   01D1 E4                  418 	clr	a
   01D2 95*05               419 	subb	a,(___fs2ulong_sloc1_1_0 + 1)
   01D4 F5*05               420 	mov	(___fs2ulong_sloc1_1_0 + 1),a
   01D6 E4                  421 	clr	a
   01D7 95*06               422 	subb	a,(___fs2ulong_sloc1_1_0 + 2)
   01D9 F5*06               423 	mov	(___fs2ulong_sloc1_1_0 + 2),a
   01DB E4                  424 	clr	a
   01DC 95*07               425 	subb	a,(___fs2ulong_sloc1_1_0 + 3)
   01DE F5*07               426 	mov	(___fs2ulong_sloc1_1_0 + 3),a
                            427 ; Peephole 132   changed ljmp to sjmp
   01E0 80 12               428 	sjmp 00113$
   01E2                     429 00112$:
   01E2 90s00r0A            430 	mov	dptr,#___fs2ulong_l_1_1
   01E5 E0                  431 	movx	a,@dptr
   01E6 F5*04               432 	mov	___fs2ulong_sloc1_1_0,a
   01E8 A3                  433 	inc	dptr
   01E9 E0                  434 	movx	a,@dptr
   01EA F5*05               435 	mov	(___fs2ulong_sloc1_1_0 + 1),a
   01EC A3                  436 	inc	dptr
   01ED E0                  437 	movx	a,@dptr
   01EE F5*06               438 	mov	(___fs2ulong_sloc1_1_0 + 2),a
   01F0 A3                  439 	inc	dptr
   01F1 E0                  440 	movx	a,@dptr
   01F2 F5*07               441 	mov	(___fs2ulong_sloc1_1_0 + 3),a
   01F4                     442 00113$:
   01F4 85*04 82            443 	mov	dpl,___fs2ulong_sloc1_1_0
   01F7 85*05 83            444 	mov	dph,(___fs2ulong_sloc1_1_0 + 1)
   01FA 85*06 F0            445 	mov	b,(___fs2ulong_sloc1_1_0 + 2)
   01FD E5*07               446 	mov	a,(___fs2ulong_sloc1_1_0 + 3)
   01FF                     447 00110$:
                    01FF    448 	C$_fs2ulong.c$97$1$1 ==.
                    01FF    449 	XG$__fs2ulong$0$0 ==.
   01FF 22                  450 	ret
                            451 	.area	CSEG    (CODE)
