                              1 ;--------------------------------------------------------
                              2 ; File Created by SDCC : FreeWare ANSI-C Compiler
                              3 ; Version 2.1.9Ga Sun Jan 16 17:31:29 2000
                              4 
                              5 ;--------------------------------------------------------
                              6 	.module _isspace
                              7 ;--------------------------------------------------------
                              8 ; publics variables in this module
                              9 ;--------------------------------------------------------
                             10 	.globl _isspace
                             11 ;--------------------------------------------------------
                             12 ; special function registers
                             13 ;--------------------------------------------------------
                             14 ;--------------------------------------------------------
                             15 ; special function bits 
                             16 ;--------------------------------------------------------
                             17 ;--------------------------------------------------------
                             18 ; internal ram data
                             19 ;--------------------------------------------------------
                             20 	.area	DSEG    (DATA)
                             21 ;--------------------------------------------------------
                             22 ; overlayable items in internal ram 
                             23 ;--------------------------------------------------------
                             24 	.area	OSEG	(OVR,DATA)
                             25 ;--------------------------------------------------------
                             26 ; indirectly addressable internal ram data
                             27 ;--------------------------------------------------------
                             28 	.area	ISEG    (DATA)
                             29 ;--------------------------------------------------------
                             30 ; bit data
                             31 ;--------------------------------------------------------
                             32 	.area	BSEG    (BIT)
                             33 ;--------------------------------------------------------
                             34 ; external ram data
                             35 ;--------------------------------------------------------
                             36 	.area	XSEG    (XDATA)
   0000                      37 _isspace_c_1_1:
   0000                      38 	.ds	0x0001
                             39 ;--------------------------------------------------------
                             40 ; global & static initialisations
                             41 ;--------------------------------------------------------
                             42 	.area GSINIT (CODE)
                             43 ;--------------------------------------------------------
                             44 ; code
                             45 ;--------------------------------------------------------
                             46 	.area CSEG (CODE)
                    0000     47 	G$isspace$0$0 ==.
                             48 ;	_isspace.c 24
                             49 ;	-----------------------------------------
                             50 ;	 function isspace
                             51 ;	-----------------------------------------
   0000                      52 _isspace:
                    0002     53 	ar2 = 0x02
                    0003     54 	ar3 = 0x03
                    0004     55 	ar4 = 0x04
                    0005     56 	ar5 = 0x05
                    0006     57 	ar6 = 0x06
                    0007     58 	ar7 = 0x07
                    0000     59 	ar0 = 0x00
                    0001     60 	ar1 = 0x01
                             61 ;	_isspace.c 34
   0000 C0 82                62 	push	dpl
   0002 90s00r00             63 	mov	dptr,#_isspace_c_1_1
   0005 D0 E0                64 	pop	acc
   0007 F0                   65 	movx	@dptr,a
                             66 ;	_isspace.c 27
   0008 90s00r00             67 	mov	dptr,#_isspace_c_1_1
   000B E0                   68 	movx	a,@dptr
   000C FA                   69 	mov	r2,a
   000D BA 20 02             70 	cjne	r2,#0x20,00115$
                             71 ; Peephole 132   changed ljmp to sjmp
   0010 80 17                72 	sjmp 00101$
   0012                      73 00115$:
                             74 ;	_isspace.c 28
   0012 BA 0C 02             75 	cjne	r2,#0x0c,00116$
                             76 ; Peephole 132   changed ljmp to sjmp
   0015 80 12                77 	sjmp 00101$
   0017                      78 00116$:
                             79 ;	_isspace.c 29
   0017 BA 0A 02             80 	cjne	r2,#0x0a,00117$
                             81 ; Peephole 132   changed ljmp to sjmp
   001A 80 0D                82 	sjmp 00101$
   001C                      83 00117$:
                             84 ;	_isspace.c 30
   001C BA 0D 02             85 	cjne	r2,#0x0d,00118$
                             86 ; Peephole 132   changed ljmp to sjmp
   001F 80 08                87 	sjmp 00101$
   0021                      88 00118$:
                             89 ;	_isspace.c 31
   0021 BA 09 02             90 	cjne	r2,#0x09,00119$
                             91 ; Peephole 132   changed ljmp to sjmp
   0024 80 03                92 	sjmp 00101$
   0026                      93 00119$:
                             94 ;	_isspace.c 32
                             95 ; Peephole 132   changed ljmp to sjmp
                             96 ; Peephole 199   optimized misc jump sequence
   0026 BA 0B 05             97 	cjne r2,#0x0b,00102$
                             98 ; Peephole 201   removed redundant sjmp
   0029                      99 00120$:
   0029                     100 00121$:
   0029                     101 00101$:
                            102 ;	_isspace.c 33
   0029 75 82 01            103 	mov	dpl,#0x01
                            104 ; Peephole 132   changed ljmp to sjmp
   002C 80 03               105 	sjmp 00108$
   002E                     106 00102$:
                            107 ;	_isspace.c 34
   002E 75 82 00            108 	mov	dpl,#0x00
   0031                     109 00108$:
                    0031    110 	C$_isspace.c$35$1$1 ==.
                    0031    111 	XG$isspace$0$0 ==.
   0031 22                  112 	ret
                            113 	.area	CSEG    (CODE)
