                              1 ;--------------------------------------------------------
                              2 ; File Created by SDCC : FreeWare ANSI-C Compiler
                              3 ; Version 2.1.9Ga Sun Jan 16 17:31:31 2000
                              4 
                              5 ;--------------------------------------------------------
                              6 	.module _modulong
                              7 ;--------------------------------------------------------
                              8 ; publics variables in this module
                              9 ;--------------------------------------------------------
                             10 	.globl __modulong_PARM_2
                             11 	.globl __modulong
                             12 ;--------------------------------------------------------
                             13 ; special function registers
                             14 ;--------------------------------------------------------
                             15 ;--------------------------------------------------------
                             16 ; special function bits 
                             17 ;--------------------------------------------------------
                             18 ;--------------------------------------------------------
                             19 ; internal ram data
                             20 ;--------------------------------------------------------
                             21 	.area	DSEG    (DATA)
   0000                      22 __modulong_sloc0_1_0:
   0000                      23 	.ds	0x0004
                             24 ;--------------------------------------------------------
                             25 ; overlayable items in internal ram 
                             26 ;--------------------------------------------------------
                             27 	.area	OSEG	(OVR,DATA)
                             28 ;--------------------------------------------------------
                             29 ; indirectly addressable internal ram data
                             30 ;--------------------------------------------------------
                             31 	.area	ISEG    (DATA)
                             32 ;--------------------------------------------------------
                             33 ; bit data
                             34 ;--------------------------------------------------------
                             35 	.area	BSEG    (BIT)
                             36 ;--------------------------------------------------------
                             37 ; external ram data
                             38 ;--------------------------------------------------------
                             39 	.area	XSEG    (XDATA)
   0000                      40 __modulong_PARM_2:
   0000                      41 	.ds	0x0004
   0004                      42 __modulong_a_1_1:
   0004                      43 	.ds	0x0004
   0008                      44 __modulong_count_1_1:
   0008                      45 	.ds	0x0001
                             46 ;--------------------------------------------------------
                             47 ; global & static initialisations
                             48 ;--------------------------------------------------------
                             49 	.area GSINIT (CODE)
                             50 ;--------------------------------------------------------
                             51 ; code
                             52 ;--------------------------------------------------------
                             53 	.area CSEG (CODE)
                    0000     54 	G$_modulong$0$0 ==.
                             55 ;	_modulong.c 29
                             56 ;	-----------------------------------------
                             57 ;	 function _modulong
                             58 ;	-----------------------------------------
   0000                      59 __modulong:
                    0002     60 	ar2 = 0x02
                    0003     61 	ar3 = 0x03
                    0004     62 	ar4 = 0x04
                    0005     63 	ar5 = 0x05
                    0006     64 	ar6 = 0x06
                    0007     65 	ar7 = 0x07
                    0000     66 	ar0 = 0x00
                    0001     67 	ar1 = 0x01
                             68 ;	_modulong.c 51
   0000 C0 E0                69 	push	acc
   0002 C0 F0                70 	push	b
   0004 C0 83                71 	push	dph
   0006 C0 82                72 	push	dpl
   0008 90s00r04             73 	mov	dptr,#__modulong_a_1_1
   000B D0 E0                74 	pop	acc
   000D F0                   75 	movx	@dptr,a
   000E D0 E0                76 	pop	acc
   0010 A3                   77 	inc	dptr
   0011 F0                   78 	movx	@dptr,a
   0012 D0 E0                79 	pop	acc
   0014 A3                   80 	inc	dptr
   0015 F0                   81 	movx	@dptr,a
   0016 D0 E0                82 	pop	acc
   0018 A3                   83 	inc	dptr
   0019 F0                   84 	movx	@dptr,a
                             85 ;	_modulong.c 31
   001A 90s00r08             86 	mov	dptr,#__modulong_count_1_1
                             87 ; Peephole 180   changed mov to clr
   001D E4                   88 	clr  a
   001E F0                   89 	movx	@dptr,a
                             90 ;	_modulong.c 34
   001F 90s00r04             91 	mov	dptr,#__modulong_a_1_1
   0022 E0                   92 	movx	a,@dptr
   0023 F5*00                93 	mov	__modulong_sloc0_1_0,a
   0025 A3                   94 	inc	dptr
   0026 E0                   95 	movx	a,@dptr
   0027 F5*01                96 	mov	(__modulong_sloc0_1_0 + 1),a
   0029 A3                   97 	inc	dptr
   002A E0                   98 	movx	a,@dptr
   002B F5*02                99 	mov	(__modulong_sloc0_1_0 + 2),a
   002D A3                  100 	inc	dptr
   002E E0                  101 	movx	a,@dptr
   002F F5*03               102 	mov	(__modulong_sloc0_1_0 + 3),a
   0031 7E 00               103 	mov	r6,#0x00
   0033                     104 00103$:
   0033 90s00r00            105 	mov	dptr,#__modulong_PARM_2
   0036 E0                  106 	movx	a,@dptr
   0037 FF                  107 	mov	r7,a
   0038 A3                  108 	inc	dptr
   0039 E0                  109 	movx	a,@dptr
   003A F8                  110 	mov	r0,a
   003B A3                  111 	inc	dptr
   003C E0                  112 	movx	a,@dptr
   003D F9                  113 	mov	r1,a
   003E A3                  114 	inc	dptr
   003F E0                  115 	movx	a,@dptr
                            116 ; Peephole 105   removed redundant mov
   0040 FA                  117 	mov  r2,a
   0041 23                  118 	rl	a
   0042 54 01               119 	anl	a,#0x01
                            120 ; Peephole 105   removed redundant mov
   0044 FB                  121 	mov  r3,a
   0045 60 03               122 	jz	00119$
   0047 02s00r99            123 	ljmp	00117$
   004A                     124 00119$:
                            125 ;	_modulong.c 35
   004A EF                  126 	mov	a,r7
   004B 25 E0               127 	add	a,acc
   004D FD                  128 	mov	r5,a
   004E E8                  129 	mov	a,r0
   004F 33                  130 	rlc	a
   0050 FB                  131 	mov	r3,a
   0051 E9                  132 	mov	a,r1
   0052 33                  133 	rlc	a
   0053 FC                  134 	mov	r4,a
   0054 EA                  135 	mov	a,r2
   0055 33                  136 	rlc	a
   0056 FA                  137 	mov	r2,a
   0057 90s00r00            138 	mov	dptr,#__modulong_PARM_2
   005A ED                  139 	mov	a,r5
   005B F0                  140 	movx	@dptr,a
   005C A3                  141 	inc	dptr
   005D EB                  142 	mov	a,r3
   005E F0                  143 	movx	@dptr,a
   005F A3                  144 	inc	dptr
   0060 EC                  145 	mov	a,r4
   0061 F0                  146 	movx	@dptr,a
   0062 A3                  147 	inc	dptr
   0063 EA                  148 	mov	a,r2
   0064 F0                  149 	movx	@dptr,a
                            150 ;	_modulong.c 36
   0065 C3                  151 	clr	c
   0066 E5*00               152 	mov	a,__modulong_sloc0_1_0
   0068 9D                  153 	subb	a,r5
   0069 E5*01               154 	mov	a,(__modulong_sloc0_1_0 + 1)
   006B 9B                  155 	subb	a,r3
   006C E5*02               156 	mov	a,(__modulong_sloc0_1_0 + 2)
   006E 9C                  157 	subb	a,r4
   006F E5*03               158 	mov	a,(__modulong_sloc0_1_0 + 3)
   0071 9A                  159 	subb	a,r2
                            160 ; Peephole 108   removed ljmp by inverse jump logic
   0072 50 1C               161 	jnc  00102$
   0074                     162 00120$:
                            163 ;	_modulong.c 38
   0074 C3                  164 	clr	c
   0075 EA                  165 	mov	a,r2
   0076 13                  166 	rrc	a
   0077 FA                  167 	mov	r2,a
   0078 EC                  168 	mov	a,r4
   0079 13                  169 	rrc	a
   007A FC                  170 	mov	r4,a
   007B EB                  171 	mov	a,r3
   007C 13                  172 	rrc	a
   007D FB                  173 	mov	r3,a
   007E ED                  174 	mov	a,r5
   007F 13                  175 	rrc	a
                            176 ; Peephole 100   removed redundant mov
   0080 FD                  177 	mov  r5,a
   0081 90s00r00            178 	mov  dptr,#__modulong_PARM_2
   0084 F0                  179 	movx @dptr,a
   0085 A3                  180 	inc	dptr
   0086 EB                  181 	mov	a,r3
   0087 F0                  182 	movx	@dptr,a
   0088 A3                  183 	inc	dptr
   0089 EC                  184 	mov	a,r4
   008A F0                  185 	movx	@dptr,a
   008B A3                  186 	inc	dptr
   008C EA                  187 	mov	a,r2
   008D F0                  188 	movx	@dptr,a
                            189 ;	_modulong.c 39
                            190 ; Peephole 132   changed ljmp to sjmp
   008E 80 09               191 	sjmp 00117$
   0090                     192 00102$:
                            193 ;	_modulong.c 41
   0090 0E                  194 	inc	r6
   0091 90s00r08            195 	mov	dptr,#__modulong_count_1_1
   0094 EE                  196 	mov	a,r6
   0095 F0                  197 	movx	@dptr,a
   0096 02s00r33            198 	ljmp	00103$
                            199 ;	_modulong.c 44
   0099                     200 00117$:
   0099 90s00r08            201 	mov	dptr,#__modulong_count_1_1
   009C E0                  202 	movx	a,@dptr
   009D F5*00               203 	mov	__modulong_sloc0_1_0,a
   009F                     204 00108$:
                            205 ;	_modulong.c 45
   009F 90s00r04            206 	mov	dptr,#__modulong_a_1_1
   00A2 E0                  207 	movx	a,@dptr
   00A3 FB                  208 	mov	r3,a
   00A4 A3                  209 	inc	dptr
   00A5 E0                  210 	movx	a,@dptr
   00A6 FC                  211 	mov	r4,a
   00A7 A3                  212 	inc	dptr
   00A8 E0                  213 	movx	a,@dptr
   00A9 FD                  214 	mov	r5,a
   00AA A3                  215 	inc	dptr
   00AB E0                  216 	movx	a,@dptr
   00AC FE                  217 	mov	r6,a
   00AD 90s00r00            218 	mov	dptr,#__modulong_PARM_2
   00B0 E0                  219 	movx	a,@dptr
   00B1 FF                  220 	mov	r7,a
   00B2 A3                  221 	inc	dptr
   00B3 E0                  222 	movx	a,@dptr
   00B4 F8                  223 	mov	r0,a
   00B5 A3                  224 	inc	dptr
   00B6 E0                  225 	movx	a,@dptr
   00B7 F9                  226 	mov	r1,a
   00B8 A3                  227 	inc	dptr
   00B9 E0                  228 	movx	a,@dptr
   00BA FA                  229 	mov	r2,a
   00BB C3                  230 	clr	c
   00BC EB                  231 	mov	a,r3
   00BD 9F                  232 	subb	a,r7
   00BE EC                  233 	mov	a,r4
   00BF 98                  234 	subb	a,r0
   00C0 ED                  235 	mov	a,r5
   00C1 99                  236 	subb	a,r1
   00C2 EE                  237 	mov	a,r6
   00C3 9A                  238 	subb	a,r2
                            239 ; Peephole 132   changed ljmp to sjmp
                            240 ; Peephole 160   removed sjmp by inverse jump logic
   00C4 40 13               241 	jc   00107$
   00C6                     242 00121$:
                            243 ;	_modulong.c 46
   00C6 90s00r04            244 	mov	dptr,#__modulong_a_1_1
   00C9 C3                  245 	clr	c
   00CA EB                  246 	mov	a,r3
   00CB 9F                  247 	subb	a,r7
   00CC F0                  248 	movx	@dptr,a
   00CD EC                  249 	mov	a,r4
   00CE 98                  250 	subb	a,r0
   00CF A3                  251 	inc	dptr
   00D0 F0                  252 	movx	@dptr,a
   00D1 ED                  253 	mov	a,r5
   00D2 99                  254 	subb	a,r1
   00D3 A3                  255 	inc	dptr
   00D4 F0                  256 	movx	@dptr,a
   00D5 EE                  257 	mov	a,r6
   00D6 9A                  258 	subb	a,r2
   00D7 A3                  259 	inc	dptr
   00D8 F0                  260 	movx	@dptr,a
   00D9                     261 00107$:
                            262 ;	_modulong.c 48
   00D9 90s00r00            263 	mov	dptr,#__modulong_PARM_2
   00DC E0                  264 	movx	a,@dptr
   00DD FA                  265 	mov	r2,a
   00DE A3                  266 	inc	dptr
   00DF E0                  267 	movx	a,@dptr
   00E0 FB                  268 	mov	r3,a
   00E1 A3                  269 	inc	dptr
   00E2 E0                  270 	movx	a,@dptr
   00E3 FC                  271 	mov	r4,a
   00E4 A3                  272 	inc	dptr
   00E5 E0                  273 	movx	a,@dptr
                            274 ; Peephole 106   removed redundant mov 
   00E6 FD                  275 	mov  r5,a
   00E7 C3                  276 	clr  c
   00E8 13                  277 	rrc	a
   00E9 FD                  278 	mov	r5,a
   00EA EC                  279 	mov	a,r4
   00EB 13                  280 	rrc	a
   00EC FC                  281 	mov	r4,a
   00ED EB                  282 	mov	a,r3
   00EE 13                  283 	rrc	a
   00EF FB                  284 	mov	r3,a
   00F0 EA                  285 	mov	a,r2
   00F1 13                  286 	rrc	a
                            287 ; Peephole 100   removed redundant mov
   00F2 FA                  288 	mov  r2,a
   00F3 90s00r00            289 	mov  dptr,#__modulong_PARM_2
   00F6 F0                  290 	movx @dptr,a
   00F7 A3                  291 	inc	dptr
   00F8 EB                  292 	mov	a,r3
   00F9 F0                  293 	movx	@dptr,a
   00FA A3                  294 	inc	dptr
   00FB EC                  295 	mov	a,r4
   00FC F0                  296 	movx	@dptr,a
   00FD A3                  297 	inc	dptr
   00FE ED                  298 	mov	a,r5
   00FF F0                  299 	movx	@dptr,a
                            300 ;	_modulong.c 49
   0100 AA*00               301 	mov	r2,__modulong_sloc0_1_0
   0102 15*00               302 	dec	__modulong_sloc0_1_0
   0104 EA                  303 	mov	a,r2
   0105 60 03               304 	jz	00122$
   0107 02s00r9F            305 	ljmp	00108$
   010A                     306 00122$:
                            307 ;	_modulong.c 51
   010A 90s00r04            308 	mov	dptr,#__modulong_a_1_1
   010D E0                  309 	movx	a,@dptr
   010E FA                  310 	mov	r2,a
   010F A3                  311 	inc	dptr
   0110 E0                  312 	movx	a,@dptr
   0111 FB                  313 	mov	r3,a
   0112 A3                  314 	inc	dptr
   0113 E0                  315 	movx	a,@dptr
   0114 FC                  316 	mov	r4,a
   0115 A3                  317 	inc	dptr
   0116 E0                  318 	movx	a,@dptr
                            319 ; Peephole 191   removed redundant mov
   0117 FD                  320 	mov  r5,a
   0118 8A 82               321 	mov  dpl,r2
   011A 8B 83               322 	mov  dph,r3
   011C 8C F0               323 	mov  b,r4
   011E                     324 00111$:
                    011E    325 	C$_modulong.c$52$1$1 ==.
                    011E    326 	XG$_modulong$0$0 ==.
   011E 22                  327 	ret
                            328 	.area	CSEG    (CODE)
