                              1 ;--------------------------------------------------------
                              2 ; File Created by SDCC : FreeWare ANSI-C Compiler
                              3 ; Version 2.1.9Ga Sun Jan 16 17:31:32 2000
                              4 
                              5 ;--------------------------------------------------------
                              6 	.module _spx
                              7 ;--------------------------------------------------------
                              8 ; publics variables in this module
                              9 ;--------------------------------------------------------
                             10 	.globl _spx
                             11 ;--------------------------------------------------------
                             12 ; special function registers
                             13 ;--------------------------------------------------------
                             14 ;--------------------------------------------------------
                             15 ; special function bits 
                             16 ;--------------------------------------------------------
                             17 ;--------------------------------------------------------
                             18 ; internal ram data
                             19 ;--------------------------------------------------------
                             20 	.area	DSEG    (DATA)
                    0000     21 G$spx$0$0==.
   0000                      22 _spx:
   0000                      23 	.ds	0x0001
                             24 ;--------------------------------------------------------
                             25 ; overlayable items in internal ram 
                             26 ;--------------------------------------------------------
                             27 	.area	OSEG	(OVR,DATA)
                             28 ;--------------------------------------------------------
                             29 ; indirectly addressable internal ram data
                             30 ;--------------------------------------------------------
                             31 	.area	ISEG    (DATA)
                             32 ;--------------------------------------------------------
                             33 ; bit data
                             34 ;--------------------------------------------------------
                             35 	.area	BSEG    (BIT)
                             36 ;--------------------------------------------------------
                             37 ; external ram data
                             38 ;--------------------------------------------------------
                             39 	.area	XSEG    (XDATA)
                             40 ;--------------------------------------------------------
                             41 ; global & static initialisations
                             42 ;--------------------------------------------------------
                             43 	.area GSINIT (CODE)
                             44 ;--------------------------------------------------------
                             45 ; code
                             46 ;--------------------------------------------------------
                             47 	.area CSEG (CODE)
                             48 	.area	CSEG    (CODE)
