                              1 ;--------------------------------------------------------
                              2 ; File Created by SDCC : FreeWare ANSI-C Compiler
                              3 ; Version 2.1.9Ga Sun Jan 16 17:31:33 2000
                              4 
                              5 ;--------------------------------------------------------
                              6 	.module _startup
                              7 ;--------------------------------------------------------
                              8 ; publics variables in this module
                              9 ;--------------------------------------------------------
                             10 	.globl __sdcc_external_startup
                             11 ;--------------------------------------------------------
                             12 ; special function registers
                             13 ;--------------------------------------------------------
                             14 ;--------------------------------------------------------
                             15 ; special function bits 
                             16 ;--------------------------------------------------------
                             17 ;--------------------------------------------------------
                             18 ; internal ram data
                             19 ;--------------------------------------------------------
                             20 	.area	DSEG    (DATA)
                             21 ;--------------------------------------------------------
                             22 ; overlayable items in internal ram 
                             23 ;--------------------------------------------------------
                             24 	.area	OSEG	(OVR,DATA)
                             25 ;--------------------------------------------------------
                             26 ; indirectly addressable internal ram data
                             27 ;--------------------------------------------------------
                             28 	.area	ISEG    (DATA)
                             29 ;--------------------------------------------------------
                             30 ; bit data
                             31 ;--------------------------------------------------------
                             32 	.area	BSEG    (BIT)
                             33 ;--------------------------------------------------------
                             34 ; external ram data
                             35 ;--------------------------------------------------------
                             36 	.area	XSEG    (XDATA)
                             37 ;--------------------------------------------------------
                             38 ; global & static initialisations
                             39 ;--------------------------------------------------------
                             40 	.area GSINIT (CODE)
                             41 ;--------------------------------------------------------
                             42 ; code
                             43 ;--------------------------------------------------------
                             44 	.area CSEG (CODE)
                    0000     45 	G$_sdcc_external_startup$0$0 ==.
                             46 ;	_startup.c 30
                             47 ;	-----------------------------------------
                             48 ;	 function _sdcc_external_startup
                             49 ;	-----------------------------------------
   0000                      50 __sdcc_external_startup:
                    0002     51 	ar2 = 0x02
                    0003     52 	ar3 = 0x03
                    0004     53 	ar4 = 0x04
                    0005     54 	ar5 = 0x05
                    0006     55 	ar6 = 0x06
                    0007     56 	ar7 = 0x07
                    0000     57 	ar0 = 0x00
                    0001     58 	ar1 = 0x01
                             59 ;	_startup.c 32
   0000 75 82 00             60 	mov	dpl,#0x00
   0003                      61 00101$:
                    0003     62 	C$_startup.c$33$1$1 ==.
                    0003     63 	XG$_sdcc_external_startup$0$0 ==.
   0003 22                   64 	ret
                             65 	.area	CSEG    (CODE)
